[0,0,0,0,4,5,6,12,13,21,20,0,29,13,14,28,21,0,30,19,20,40,22,0,36,25,26,0,28,0,42,31,32,64,34,0,48,0,76,39,40,0,47,43,44,88,46,0,48,49,50,0,52,0,54,55,56,0,58,0,60,61,62,124,64,0,66,0,99,69,70,0,77,73,74,148,76,0,78,0,93,81,82,0,84,85,86,0,88,0,90,91,92,0,94,0,96,0,117,99,100,0,102,103,104,208,106,0,108,109,110,220,112,0,114,115,116,0,118,0,120,0,165,0,124,0,126,0,159,129,130,0,132,133,134,0,136,0,138,139,140,280,142,0,144,0,146,0,148,0,150,151,152,304,154,0,156,0,158,159,160,0,162,0,164,165,166,0,168,169,170,0,172,0,174,175,176,0,178,0,180,181,182,364,184,0,186,0,219,0,190,0,192,193,194,388,196,0,198,199,200,400,202,0,0,0,0,0]
[1,1,1,1,1,1,1,1,1,1,1,0,1,1,1,1,1,0,1,1,1,1,1,0,1,1,1,0,1,0,1,1,1,1,1,0,1,0,1,1,1,0,1,1,1,1,1,0,1,1,1,0,1,0,1,1,1,0,1,0,1,1,1,1,1,0,1,0,1,1,1,0,1,1,1,1,1,0,1,0,1,1,1,0,1,1,1,0,1,0,1,1,1,0,1,0,1,0,1,1,1,0,1,1,1,1,1,0,1,1,1,1,1,0,1,1,1,0,1,0,1,0,1,0,1,0,1,0,1,1,1,0,1,1,1,0,1,0,1,1,1,1,1,0,1,0,1,0,1,0,1,1,1,1,1,0,1,0,1,1,1,0,1,0,1,1,1,0,1,1,1,0,1,0,1,1,1,0,1,0,1,1,1,1,1,0,1,0,1,0,1,0,1,1,1,1,1,0,1,1,1,1,1,0,0,0,0,0]
	Command being timed: "./run"
	User time (seconds): 0.00
	System time (seconds): 0.00
	Percent of CPU this job got: 75%
	Elapsed (wall clock) time (h:mm:ss or m:ss): 0:00.00
	Average shared text size (kbytes): 0
	Average unshared data size (kbytes): 0
	Average stack size (kbytes): 0
	Average total size (kbytes): 0
	Maximum resident set size (kbytes): 3456
	Average resident set size (kbytes): 0
	Major (requiring I/O) page faults: 0
	Minor (reclaiming a frame) page faults: 144
	Voluntary context switches: 1
	Involuntary context switches: 0
	Swaps: 0
	File system inputs: 0
	File system outputs: 16
	Socket messages sent: 0
	Socket messages received: 0
	Signals delivered: 0
	Page size (bytes): 4096
	Exit status: 0
